<?xml version="1.0" encoding="utf-8"?><testsuites name="pytest tests"><testsuite name="pytest" errors="0" failures="0" skipped="0" tests="5" time="2.973" timestamp="2025-11-07T17:21:59.765424+00:00" hostname="9d82ccdd315f"><testcase classname="tests.gpu.test_torch_basic" name="test_cuda_available" time="2.303" /><testcase classname="tests.gpu.test_torch_basic" name="test_cuda_matmul_matches_cpu" time="0.388" /><testcase classname="tests.gpu.test_torch_basic" name="test_reproducible_random_on_cuda" time="0.035" /><testcase classname="tests.gpu.test_torch_basic" name="test_amp_fp16_matmul" time="0.113" /><testcase classname="tests.gpu.test_torch_basic" name="test_amp_bf16_if_supported" time="0.083" /></testsuite></testsuites>