<?xml version="1.0" encoding="utf-8"?><testsuites name="pytest tests"><testsuite name="pytest" errors="0" failures="0" skipped="0" tests="5" time="2.970" timestamp="2025-11-07T17:06:48.103715+00:00" hostname="4c57a16b0dcd"><testcase classname="tests.gpu.test_torch_basic" name="test_cuda_available" time="2.371" /><testcase classname="tests.gpu.test_torch_basic" name="test_cuda_matmul_matches_cpu" time="0.375" /><testcase classname="tests.gpu.test_torch_basic" name="test_reproducible_random_on_cuda" time="0.030" /><testcase classname="tests.gpu.test_torch_basic" name="test_amp_fp16_matmul" time="0.082" /><testcase classname="tests.gpu.test_torch_basic" name="test_amp_bf16_if_supported" time="0.060" /></testsuite></testsuites>