<?xml version="1.0" encoding="utf-8"?><testsuites name="pytest tests"><testsuite name="pytest" errors="0" failures="0" skipped="0" tests="5" time="2.613" timestamp="2025-11-04T23:41:19.346574+00:00" hostname="c981e40b1f31"><testcase classname="tests.gpu.test_torch_basic" name="test_cuda_available" time="1.806" /><testcase classname="tests.gpu.test_torch_basic" name="test_cuda_matmul_matches_cpu" time="0.335" /><testcase classname="tests.gpu.test_torch_basic" name="test_reproducible_random_on_cuda" time="0.049" /><testcase classname="tests.gpu.test_torch_basic" name="test_amp_fp16_matmul" time="0.213" /><testcase classname="tests.gpu.test_torch_basic" name="test_amp_bf16_if_supported" time="0.175" /></testsuite></testsuites>