<?xml version="1.0" encoding="utf-8"?><testsuites name="pytest tests"><testsuite name="pytest" errors="0" failures="3" skipped="1" tests="170" time="26.406" timestamp="2025-11-05T00:17:09.082955+00:00" hostname="c981e40b1f31"><testcase classname="tests.gpu.test_torch_basic" name="test_cuda_available" time="0.024" /><testcase classname="tests.gpu.test_torch_basic" name="test_cuda_matmul_matches_cpu" time="0.372"><failure message="NameError: name 'json' is not defined. Did you forget to import 'json'">cuda_available = True
output_dir = PosixPath('/workspace/psann/reports/tests/20251105_001704/gpu_outputs')

    @pytest.mark.gpu
    def test_cuda_matmul_matches_cpu(cuda_available, output_dir: Path):
        if not cuda_available:
            pytest.skip("CUDA not available")
        import torch
    
        torch.manual_seed(42)
        n = 512
        a_cpu = torch.randn((n, n), dtype=torch.float32)
        b_cpu = torch.randn((n, n), dtype=torch.float32)
        c_cpu = a_cpu @ b_cpu
    
        a_gpu = a_cpu.cuda()
        b_gpu = b_cpu.cuda()
        c_gpu = a_gpu @ b_gpu
        c_gpu_cpu = c_gpu.cpu()
    
        max_abs = (c_cpu - c_gpu_cpu).abs().max().item()
        mean_abs = (c_cpu - c_gpu_cpu).abs().mean().item()
    
        # CPU/GPU FP32 matmul should match closely
        assert math.isfinite(max_abs)
        assert max_abs &lt; 1e-3
        assert mean_abs &lt; 1e-5
    
        stats = {"max_abs": max_abs, "mean_abs": mean_abs, "n": n}
&gt;       (output_dir / "test_cuda_matmul_matches_cpu.json").write_text(json.dumps(stats, sort_keys=True))
                                                                      ^^^^
E       NameError: name 'json' is not defined. Did you forget to import 'json'

tests/gpu/test_torch_basic.py:53: NameError</failure></testcase><testcase classname="tests.gpu.test_torch_basic" name="test_reproducible_random_on_cuda" time="0.052" /><testcase classname="tests.gpu.test_torch_basic" name="test_amp_fp16_matmul" time="0.222"><failure message="NameError: name 'json' is not defined. Did you forget to import 'json'">cuda_available = True
output_dir = PosixPath('/workspace/psann/reports/tests/20251105_001704/gpu_outputs')

    @pytest.mark.gpu
    def test_amp_fp16_matmul(cuda_available, output_dir: Path):
        if not cuda_available:
            pytest.skip("CUDA not available")
        import torch
    
        x = torch.randn((1024, 1024), device="cuda", dtype=torch.float32)
        y = torch.randn((1024, 1024), device="cuda", dtype=torch.float32)
        with torch.cuda.amp.autocast(dtype=torch.float16):
            z = x @ y
        assert z.is_cuda and z.shape == (1024, 1024)
&gt;       (output_dir / "test_amp_fp16_matmul.shape").write_text(json.dumps(list(z.shape)))
                                                               ^^^^
E       NameError: name 'json' is not defined. Did you forget to import 'json'

tests/gpu/test_torch_basic.py:86: NameError</failure></testcase><testcase classname="tests.gpu.test_torch_basic" name="test_amp_bf16_if_supported" time="0.179"><failure message="NameError: name 'json' is not defined. Did you forget to import 'json'">cuda_available = True
output_dir = PosixPath('/workspace/psann/reports/tests/20251105_001704/gpu_outputs')

    @pytest.mark.gpu
    def test_amp_bf16_if_supported(cuda_available, output_dir: Path):
        if not cuda_available:
            pytest.skip("CUDA not available")
        import torch
    
        bf16_supported = False
        try:
            bf16_supported = torch.cuda.is_bf16_supported()
        except Exception:
            # fallback heuristic via capability
            try:
                bf16_supported = max(torch.cuda.get_device_capability()) &gt;= 8
            except Exception:
                bf16_supported = False
    
        if not bf16_supported:
            pytest.skip("BF16 not supported on this GPU/stack")
    
        x = torch.randn((256, 256), device="cuda", dtype=torch.float32)
        y = torch.randn((256, 256), device="cuda", dtype=torch.float32)
        with torch.cuda.amp.autocast(dtype=torch.bfloat16):
            z = x @ y
        assert z.is_cuda and z.shape == (256, 256)
&gt;       (output_dir / "test_amp_bf16_if_supported.shape").write_text(json.dumps(list(z.shape)))
                                                                     ^^^^
E       NameError: name 'json' is not defined. Did you forget to import 'json'

tests/gpu/test_torch_basic.py:113: NameError</failure></testcase><testcase classname="tests.lm.test_generate_kv_cache" name="test_generate_batch_kv_cache_cpu" time="1.863" /><testcase classname="tests.lm.test_gradient_checkpointing" name="test_gradient_checkpointing_forward_backward_respsann" time="0.025" /><testcase classname="tests.lm.test_gradient_checkpointing" name="test_gradient_checkpointing_forward_backward_waveresnet" time="0.091" /><testcase classname="tests.lm.test_init_and_params" name="test_param_count_and_forward" time="0.086" /><testcase classname="tests.lm.test_loss_shape" name="test_loss_scalar_shape" time="0.008" /><testcase classname="tests.lm.test_persistence_and_determinism" name="test_save_load_roundtrip_and_seeded_generation" time="0.196" /><testcase classname="tests.lm.test_sine_param" name="test_sine_build_forward_backward_shapes" time="0.002" /><testcase classname="tests.lm.test_tokenizer_and_dataset" name="test_simple_tokenizer_roundtrip" time="0.000" /><testcase classname="tests.lm.test_tokenizer_and_dataset" name="test_lm_dataset_packing_and_shapes" time="0.000" /><testcase classname="tests.lm.test_tokenizer_and_dataset" name="test_streaming_lm_dataset" time="0.001" /><testcase classname="tests.lm.test_tokenizer_and_dataset" name="test_hf_tokenizers_backend_import" time="0.000"><skipped type="pytest.skip" message="conditional import check placeholder">/workspace/psann/tests/lm/test_tokenizer_and_dataset.py:43: conditional import check placeholder</skipped></testcase><testcase classname="tests.lm.test_transformer_forward" name="test_forward_shapes_respsann" time="0.008" /><testcase classname="tests.lm.test_transformer_forward" name="test_forward_shapes_waveresnet" time="0.008" /><testcase classname="tests.lm.test_transformer_forward" name="test_kv_cache_step_waveresnet" time="0.073" /><testcase classname="tests.lm.test_transformer_forward" name="test_waveresnet_wave_interleave_forward" time="0.098" /><testcase classname="tests.lm.test_transformer_forward" name="test_waveresnet_wave_replace_forward" time="0.005" /><testcase classname="tests.lm.test_transformer_forward" name="test_kv_cache_step_waveresnet_with_wave" time="0.100" /><testcase classname="tests.test_activation" name="test_sineparam_forward_shape" time="0.001" /><testcase classname="tests.test_benchmark_compare" name="test_compare_benchmarks_allows_small_drift" time="0.084" /><testcase classname="tests.test_benchmark_compare" name="test_compare_benchmarks_flags_large_drift" time="0.001" /><testcase classname="tests.test_benchmark_compare" name="test_compare_benchmarks_detects_missing_variant" time="0.001" /><testcase classname="tests.test_context_builder" name="test_context_builder_set_params_resets_callable" time="0.001" /><testcase classname="tests.test_context_builder" name="test_context_builder_disable_clears_context_dim" time="0.001" /><testcase classname="tests.test_context_builder" name="test_context_builder_params_are_copied" time="0.000" /><testcase classname="tests.test_conv_nets" name="test_psann_conv1d_segmentation_and_pooled_shapes" time="0.310" /><testcase classname="tests.test_conv_nets" name="test_psann_conv2d_and_3d_segmentation_shapes" time="0.291" /><testcase classname="tests.test_conv_nets" name="test_residual_conv2d_segmentation_vs_pooled_outputs" time="0.098" /><testcase classname="tests.test_conv_nets" name="test_conv_alias_mismatch_raises[PSANNConv1dNet-kwargs0]" time="0.001" /><testcase classname="tests.test_conv_nets" name="test_conv_alias_mismatch_raises[PSANNConv2dNet-kwargs1]" time="0.000" /><testcase classname="tests.test_conv_nets" name="test_conv_alias_mismatch_raises[PSANNConv3dNet-kwargs2]" time="0.000" /><testcase classname="tests.test_conv_nets" name="test_conv_alias_mismatch_raises[ResidualPSANNConv2dNet-kwargs3]" time="0.000" /><testcase classname="tests.test_conv_nets" name="test_conv_forward_production_configs[False-PSANNConv1dNet-input_shape0-kwargs0]" time="0.110" /><testcase classname="tests.test_conv_nets" name="test_conv_forward_production_configs[False-PSANNConv2dNet-input_shape1-kwargs1]" time="0.082" /><testcase classname="tests.test_conv_nets" name="test_conv_forward_production_configs[False-PSANNConv3dNet-input_shape2-kwargs2]" time="0.015" /><testcase classname="tests.test_conv_nets" name="test_conv_forward_production_configs[False-ResidualPSANNConv2dNet-input_shape3-kwargs3]" time="0.086" /><testcase classname="tests.test_conv_nets" name="test_conv_forward_production_configs[True-PSANNConv1dNet-input_shape0-kwargs0]" time="0.106" /><testcase classname="tests.test_conv_nets" name="test_conv_forward_production_configs[True-PSANNConv2dNet-input_shape1-kwargs1]" time="0.009" /><testcase classname="tests.test_conv_nets" name="test_conv_forward_production_configs[True-PSANNConv3dNet-input_shape2-kwargs2]" time="0.093" /><testcase classname="tests.test_conv_nets" name="test_conv_forward_production_configs[True-ResidualPSANNConv2dNet-input_shape3-kwargs3]" time="0.089" /><testcase classname="tests.test_conv_stem_helper" name="test_with_conv_stem_dense_fit_predict" time="0.240" /><testcase classname="tests.test_conv_stem_helper" name="test_with_conv_stem_per_element_outputs_match_spatial_shape" time="0.049" /><testcase classname="tests.test_conv_stem_helper" name="test_residual_with_conv_stem_uses_residual_conv_net" time="0.055" /><testcase classname="tests.test_dataloader_shuffle" name="test_fit_stateless_uses_shuffled_dataloader" time="0.012" /><testcase classname="tests.test_dataloader_shuffle" name="test_fit_stateful_epoch_reset_disables_shuffle" time="0.011" /><testcase classname="tests.test_device_dtype_policy" name="test_ensure_model_device_caches_move" time="0.000" /><testcase classname="tests.test_device_dtype_policy" name="test_prepare_validation_tensors_cpu_float32" time="0.001" /><testcase classname="tests.test_device_dtype_policy" name="test_prepare_noise_tensor_cpu_dtype" time="0.001" /><testcase classname="tests.test_diagnostics" name="test_jacobian_spectrum_positive_eigs" time="0.025" /><testcase classname="tests.test_diagnostics" name="test_ntk_eigens_matches_shapes" time="0.010" /><testcase classname="tests.test_diagnostics" name="test_participation_ratio_and_mi_proxy" time="0.085" /><testcase classname="tests.test_error_messages" name="test_fit_context_length_mismatch" time="0.001" /><testcase classname="tests.test_error_messages" name="test_validation_channel_mismatch_message" time="0.002" /><testcase classname="tests.test_error_messages" name="test_validation_per_element_ndim_message" time="0.002" /><testcase classname="tests.test_error_messages" name="test_multiplicative_return_reward_requires_rank3" time="0.001" /><testcase classname="tests.test_error_messages" name="test_multiplicative_return_reward_requires_matching_shapes" time="0.000" /><testcase classname="tests.test_error_messages" name="test_ensure_hisso_trainer_config_type_error" time="0.000" /><testcase classname="tests.test_estimators_smoke" name="test_public_estimators_instantiate[PSANNRegressor-kwargs0]" time="0.001" /><testcase classname="tests.test_estimators_smoke" name="test_public_estimators_instantiate[ResPSANNRegressor-kwargs1]" time="0.001" /><testcase classname="tests.test_estimators_smoke" name="test_public_estimators_instantiate[ResConvPSANNRegressor-kwargs2]" time="0.001" /><testcase classname="tests.test_estimators_smoke" name="test_public_estimators_instantiate[WaveResNetRegressor-kwargs3]" time="0.001" /><testcase classname="tests.test_fit_utils_primary" name="test_normalise_fit_args_coerces_validation_pair" time="0.000" /><testcase classname="tests.test_fit_utils_primary" name="test_prepare_inputs_and_scaler_flatten_flow" time="0.001" /><testcase classname="tests.test_fit_utils_primary" name="test_prepare_inputs_preserve_shape_per_element" time="0.000" /><testcase classname="tests.test_fit_utils_primary" name="test_prepare_inputs_hisso_without_targets_defaults_primary_dim_one" time="0.000" /><testcase classname="tests.test_hisso_logging_cli" name="test_hisso_logging_cli_emits_metrics" time="0.380" /><testcase classname="tests.test_hisso_logging_cli" name="test_hisso_logging_cli_respects_output_dir" time="0.308" /><testcase classname="tests.test_hisso_primary" name="test_coerce_warmstart_config_requires_targets" time="0.000" /><testcase classname="tests.test_hisso_primary" name="test_hisso_fit_sets_trainer_state" time="0.084" /><testcase classname="tests.test_hisso_primary" name="test_hisso_infer_series_matches_predict" time="0.083" /><testcase classname="tests.test_hisso_primary" name="test_hisso_primary_transform_tanh_propagates_to_evaluation" time="0.095" /><testcase classname="tests.test_hisso_primary" name="test_ensure_hisso_trainer_config_from_mapping" time="0.000" /><testcase classname="tests.test_hisso_primary" name="test_hisso_fit_without_reward_uses_default" time="0.074" /><testcase classname="tests.test_hisso_primary" name="test_hisso_primary_transform_validation" time="0.001" /><testcase classname="tests.test_hisso_primary" name="test_respsann_hisso_uses_shared_options" time="0.166" /><testcase classname="tests.test_hisso_primary" name="test_resconv_hisso_preserve_shape_routes_options" time="0.294" /><testcase classname="tests.test_hisso_primary" name="test_resconv_hisso_rejects_per_element_mode" time="0.001" /><testcase classname="tests.test_hisso_primary" name="test_hisso_noise_injection_records_rewards" time="0.163" /><testcase classname="tests.test_hisso_primary" name="test_hisso_warmstart_short_series_truncates_episode" time="0.040" /><testcase classname="tests.test_hisso_primary" name="test_hisso_profile_reports_batched_device_transfer" time="0.181" /><testcase classname="tests.test_hisso_primary" name="test_hisso_seed_controls_episode_sampling" time="0.518" /><testcase classname="tests.test_hisso_smoke" name="test_hisso_smoke_device_warmstart_reward[False]" time="0.194" /><testcase classname="tests.test_hisso_smoke" name="test_hisso_smoke_device_warmstart_reward[True]" time="0.384" /><testcase classname="tests.test_hisso_smoke" name="test_hisso_with_lsm[False]" time="0.187" /><testcase classname="tests.test_hisso_smoke" name="test_hisso_with_lsm[True]" time="0.121" /><testcase classname="tests.test_linear_probe" name="test_linear_probe_surpasses_baseline" time="0.595" /><testcase classname="tests.test_losses" name="test_huber_loss_runs" time="0.289" /><testcase classname="tests.test_losses" name="test_custom_loss_callable_vector_output" time="0.159" /><testcase classname="tests.test_metrics_rewards" name="test_equity_curve_handles_short_series_gracefully" time="0.001" /><testcase classname="tests.test_metrics_rewards" name="test_equity_curve_clamps_growth_with_transaction_costs" time="0.001" /><testcase classname="tests.test_metrics_rewards" name="test_sharpe_ratio_returns_zero_for_single_observation" time="0.000" /><testcase classname="tests.test_metrics_rewards" name="test_sharpe_ratio_is_finite_for_constant_returns" time="0.000" /><testcase classname="tests.test_metrics_rewards" name="test_portfolio_metrics_handles_minimal_history" time="0.000" /><testcase classname="tests.test_metrics_rewards" name="test_portfolio_metrics_handles_underflow_without_nan" time="0.001" /><testcase classname="tests.test_metrics_rewards" name="test_reward_strategy_registry_requires_explicit_overwrite" time="0.000" /><testcase classname="tests.test_multidim" name="test_fit_predict_with_3d_input" time="0.209" /><testcase classname="tests.test_preproc" name="test_build_preprocessor_from_dict_instantiates_expander" time="0.004" /><testcase classname="tests.test_preproc" name="test_build_preprocessor_trains_when_allowed" time="0.010" /><testcase classname="tests.test_preproc" name="test_build_preprocessor_from_preprocessorspec_builds_lsm_module" time="0.001" /><testcase classname="tests.test_preproc" name="test_build_preprocessor_from_type_dict_builds_conv_expander" time="0.015" /><testcase classname="tests.test_preproc" name="test_build_preprocessor_from_conv_flag_dict_uses_fallback_path" time="0.005" /><testcase classname="tests.test_preproc" name="test_build_preprocessor_keeps_prefitted_module_without_training" time="0.017" /><testcase classname="tests.test_preserve_shape_layout" name="test_preserve_shape_flat_validation_matches_training_layout" time="0.001" /><testcase classname="tests.test_preserve_shape_layout" name="test_per_element_validation_respects_layout_and_channels[channels_last]" time="0.001" /><testcase classname="tests.test_preserve_shape_layout" name="test_per_element_validation_respects_layout_and_channels[channels_first]" time="0.001" /><testcase classname="tests.test_preserve_shape_layout" name="test_per_element_validation_raises_on_spatial_mismatch" time="0.001" /><testcase classname="tests.test_preserve_shape_layout" name="test_flat_validation_raises_on_target_mismatch" time="0.001" /><testcase classname="tests.test_preserve_shape_layout" name="test_flat_validation_respects_output_shape_constraint" time="0.001" /><testcase classname="tests.test_psann_nn" name="test_residual_block_droppath_toggles_with_training_mode" time="0.002" /><testcase classname="tests.test_psann_nn" name="test_psann_net_state_commit_reset_and_disable_updates[0.0-0.5]" time="0.002" /><testcase classname="tests.test_psann_nn" name="test_psann_net_state_commit_reset_and_disable_updates[0.5-1.0]" time="0.002" /><testcase classname="tests.test_recurrent" name="test_stateful_step_and_sequence" time="2.630" /><testcase classname="tests.test_regressor_aliases" name="test_set_params_accepts_hidden_width_alias" time="0.001" /><testcase classname="tests.test_regressor_aliases" name="test_set_params_warns_on_hidden_width_mismatch_prefers_primary" time="0.001" /><testcase classname="tests.test_regressor_aliases" name="test_set_params_accepts_hidden_channels_alias" time="0.001" /><testcase classname="tests.test_regressor_aliases" name="test_set_params_hidden_channels_mismatch_warns" time="0.001" /><testcase classname="tests.test_regressor_basic" name="test_fit_predict_score_smoke" time="3.902" /><testcase classname="tests.test_regressor_basic" name="test_scaler_resets_without_warm_start" time="0.033" /><testcase classname="tests.test_regressor_basic" name="test_scaler_warm_start_accumulates_stats" time="0.023" /><testcase classname="tests.test_regressor_basic" name="test_minmax_scaler_warm_start_tracks_global_range" time="0.023" /><testcase classname="tests.test_regressor_inference" name="test_save_load_roundtrip_preserves_predictions" time="0.343" /><testcase classname="tests.test_regressor_inference" name="test_predict_sequence_shapes_and_online_updates" time="0.363" /><testcase classname="tests.test_regressor_inference" name="test_save_load_roundtrip_preserves_context_builder" time="0.221" /><testcase classname="tests.test_regressor_inference" name="test_save_load_roundtrip_preserves_hisso_metadata" time="2.173" /><testcase classname="tests.test_regressor_lsm" name="test_regressor_with_lsm_expander[False]" time="0.109" /><testcase classname="tests.test_regressor_lsm" name="test_regressor_with_lsm_expander[True]" time="0.121" /><testcase classname="tests.test_regressor_lsm" name="test_regressor_with_lsmconv2d_expander[False]" time="0.080" /><testcase classname="tests.test_regressor_lsm" name="test_regressor_with_lsmconv2d_expander[True]" time="0.065" /><testcase classname="tests.test_regressor_lsm" name="test_regressor_with_lsm_spec_uses_expanded_dim_and_freezes_preproc" time="0.091" /><testcase classname="tests.test_regressor_lsm" name="test_regressor_with_conv_lsm_spec_sets_channels_and_freezes" time="0.043" /><testcase classname="tests.test_segmentation" name="test_segmentation_2d_channels_first" time="0.103" /><testcase classname="tests.test_segmentation" name="test_segmentation_2d_channels_last" time="0.040" /><testcase classname="tests.test_state_controller" name="test_state_controller_warns_on_saturation" time="0.002" /><testcase classname="tests.test_state_controller" name="test_state_controller_warns_on_collapse" time="0.001" /><testcase classname="tests.test_state_controller" name="test_state_controller_commit_and_reset_roundtrip" time="0.001" /><testcase classname="tests.test_state_controller" name="test_state_controller_detach_toggle_controls_gradient_tracking" time="0.001" /><testcase classname="tests.test_state_controller" name="test_state_controller_supports_negative_feature_dim_and_warning_reset" time="0.001" /><testcase classname="tests.test_stateful_streaming" name="test_online_streaming_rollouts[make_drift_series-0.9]" time="1.674" /><testcase classname="tests.test_stateful_streaming" name="test_online_streaming_rollouts[make_shock_series-1.01]" time="0.797" /><testcase classname="tests.test_tokenizer_embedder" name="test_simple_word_tokenizer_encode_decode_bos_eos_and_unknown" time="0.001" /><testcase classname="tests.test_tokenizer_embedder" name="test_simple_word_tokenizer_respects_max_vocab_and_case_flag" time="0.000" /><testcase classname="tests.test_tokenizer_embedder" name="test_sine_token_embedder_requires_vocab_size_before_forward" time="0.001" /><testcase classname="tests.test_tokenizer_embedder" name="test_sine_token_embedder_matches_frequency_schedule_and_lazy_table" time="0.001" /><testcase classname="tests.test_tokenizer_embedder" name="test_sine_token_embedder_trainable_path_enables_gradients" time="0.001" /><testcase classname="tests.test_training_loop" name="test_run_training_loop_returns_best_state_for_early_stopping" time="0.005" /><testcase classname="tests.test_training_loop" name="test_run_training_loop_invokes_state_hooks_per_batch" time="0.003" /><testcase classname="tests.test_training_loop" name="test_training_loop_early_stopping_restores_best_state_and_calls_hooks" time="0.003" /><testcase classname="tests.test_training_loop" name="test_training_loop_early_stopping_runs_on_cuda" time="0.030" /><testcase classname="tests.test_warning_stacklevels" name="test_hisso_input_noise_warning_points_to_caller" time="0.001" /><testcase classname="tests.test_wave_resnet" name="test_wave_resnet_forward_with_context" time="0.013" /><testcase classname="tests.test_wave_resnet" name="test_wave_resnet_backward_is_finite" time="0.033" /><testcase classname="tests.test_wave_resnet" name="test_build_wave_resnet_factory" time="0.004" /><testcase classname="tests.test_wave_resnet" name="test_wave_resnet_blocks_disable_context_modules_without_context_dim" time="0.002" /><testcase classname="tests.test_wave_resnet" name="test_wave_resnet_blocks_enable_context_modules_with_context_dim" time="0.003" /><testcase classname="tests.test_wave_resnet" name="test_wave_resnet_dropout_configuration[0.0]" time="0.002" /><testcase classname="tests.test_wave_resnet" name="test_wave_resnet_dropout_configuration[0.25]" time="0.001" /><testcase classname="tests.test_wave_resnet" name="test_wave_resnet_forward_production_configs[config0]" time="0.077" /><testcase classname="tests.test_wave_resnet" name="test_wave_resnet_forward_production_configs[config1]" time="0.007" /><testcase classname="tests.test_wave_resnet" name="test_wave_resnet_forward_production_configs[config2]" time="0.092" /><testcase classname="tests.test_wave_resnet_regressor" name="test_wave_resnet_regressor_requires_context_when_configured" time="0.001" /><testcase classname="tests.test_wave_resnet_regressor" name="test_wave_resnet_regressor_infers_context_dimension" time="0.023" /><testcase classname="tests.test_wave_resnet_regressor" name="test_wave_resnet_regressor_responds_to_context" time="0.051" /><testcase classname="tests.test_wave_resnet_regressor" name="test_wave_resnet_regressor_cosine_builder_auto_context" time="0.045" /><testcase classname="tests.test_wave_resnet_regressor" name="test_wave_resnet_w0_warmup_schedule_progresses_to_target" time="0.002" /><testcase classname="tests.test_wave_resnet_regressor" name="test_wave_resnet_progressive_depth_adds_blocks_and_optimizer_group" time="0.002" /><testcase classname="tests.test_wave_rnn" name="test_wave_rnn_scan_regimes_varies_attractors" time="0.044" /></testsuite></testsuites>